   Compiling proc-macro2 v1.0.106
   Compiling unicode-ident v1.0.24
   Compiling quote v1.0.46
   Compiling serde_core v1.0.228
   Compiling libc v0.2.186
   Compiling serde v1.0.228
   Compiling stable_deref_trait v1.2.1
   Compiling version_check v0.9.5
   Compiling find-msvc-tools v0.1.9
   Compiling shlex v2.0.1
   Compiling crossbeam-utils v0.8.22
   Compiling cfg-if v1.0.4
   Compiling typenum v1.20.1
   Compiling writeable v0.6.3
   Compiling litemap v0.8.2
   Compiling cc v1.3.0
   Compiling generic-array v0.14.7
   Compiling utf8_iter v1.0.4
   Compiling subtle v2.6.1
   Compiling icu_properties_data v2.2.0
   Compiling pin-project-lite v0.2.17
   Compiling icu_normalizer_data v2.2.0
   Compiling futures-core v0.3.33
   Compiling memchr v2.8.3
   Compiling sha2-asm v0.6.4
   Compiling parking_lot_core v0.9.12
   Compiling zerocopy v0.8.54
   Compiling zmij v1.0.23
   Compiling syn v2.0.119
   Compiling futures-sink v0.3.33
   Compiling autocfg v1.5.1
   Compiling scopeguard v1.2.0
   Compiling itoa v1.0.18
   Compiling crossbeam-epoch v0.9.20
   Compiling serde_json v1.0.150
   Compiling equivalent v1.0.2
   Compiling mio v1.2.2
   Compiling crypto-common v0.1.7
   Compiling block-buffer v0.10.4
   Compiling digest v0.10.7
   Compiling getrandom v0.2.17
   Compiling cpufeatures v0.2.17
   Compiling socket2 v0.6.5
   Compiling lock_api v0.4.14
   Compiling num-traits v0.2.19
   Compiling syn v3.0.0
   Compiling futures-io v0.3.33
   Compiling tinyvec_macros v0.1.1
   Compiling foldhash v0.1.5
   Compiling once_cell v1.21.4
   Compiling slab v0.4.12
   Compiling allocator-api2 v0.2.21
   Compiling futures-task v0.3.33
   Compiling thiserror v2.0.19
   Compiling bytes v1.12.1
   Compiling crossbeam-deque v0.8.7
   Compiling percent-encoding v2.3.2
   Compiling hashbrown v0.15.5
   Compiling form_urlencoded v1.2.2
   Compiling tracing-core v0.1.36
   Compiling tinyvec v1.12.0
   Compiling synstructure v0.13.2
   Compiling serde_derive v1.0.228
   Compiling zerovec-derive v0.11.3
   Compiling displaydoc v0.2.6
   Compiling futures-macro v0.3.33
   Compiling zerofrom-derive v0.1.7
   Compiling yoke-derive v0.8.2
   Compiling tokio-macros v2.7.1
   Compiling sha2 v0.10.9
   Compiling futures-util v0.3.33
   Compiling zerofrom v0.1.8
   Compiling thiserror-impl v2.0.19
   Compiling tracing-attributes v0.1.31
   Compiling rand_core v0.6.4
   Compiling tokio v1.53.0
   Compiling concurrent-queue v2.5.0
   Compiling libmimalloc-sys v0.1.49
   Compiling hashbrown v0.17.1
   Compiling parking v2.2.1
   Compiling log v0.4.33
   Compiling crc-catalog v2.5.0
   Compiling rayon-core v1.13.0
   Compiling crc v3.4.0
   Compiling event-listener v5.4.1
   Compiling tracing v0.1.44
   Compiling yoke v0.8.3
   Compiling indexmap v2.14.0
   Compiling unicode-normalization v0.1.25
   Compiling hashlink v0.10.0
   Compiling hmac v0.12.1
   Compiling crossbeam-queue v0.3.13
   Compiling base64 v0.22.1
   Compiling unicode-bidi v0.3.18
   Compiling unicode-properties v0.1.4
   Compiling hkdf v0.12.4
   Compiling zerovec v0.11.6
   Compiling zerotrie v0.2.4
   Compiling ppv-lite86 v0.2.21
   Compiling atoi v2.0.0
   Compiling md-5 v0.10.6
   Compiling futures-channel v0.3.33
   Compiling rand_chacha v0.3.1
   Compiling whoami v1.6.1
   Compiling stringprep v0.1.5
   Compiling bitflags v2.13.1
   Compiling byteorder v1.5.0
   Compiling half v1.8.3
   Compiling hex v0.4.3
   Compiling home v0.5.12
   Compiling dotenvy v0.15.7
   Compiling xxhash-rust v0.8.17
   Compiling csv-core v0.1.13
   Compiling ryu v1.0.23
   Compiling fs2 v0.4.3
   Compiling csv v1.4.0
   Compiling smallvec v1.15.2
   Compiling either v1.16.0
   Compiling serde_cbor v0.11.2
   Compiling tinystr v0.8.3
   Compiling potential_utf v0.1.5
   Compiling icu_collections v2.2.0
   Compiling rayon v1.12.0
   Compiling icu_locale_core v2.2.0
   Compiling rand v0.8.7
   Compiling parking_lot v0.12.5
   Compiling futures-intrusive v0.5.0
   Compiling tokio-stream v0.1.18
   Compiling icu_provider v2.2.0
   Compiling mimalloc v0.1.52
   Compiling icu_normalizer v2.2.0
   Compiling icu_properties v2.2.0
   Compiling prolly-map v0.4.0 (/Users/haipingfu/CrabDB/prolly)
   Compiling idna_adapter v1.2.2
   Compiling idna v1.1.0
   Compiling url v2.5.8
   Compiling sqlx-core v0.8.6
   Compiling sqlx-postgres v0.8.6
   Compiling sqlx v0.8.6
   Compiling prolly-store-postgres v0.2.1 (/Users/haipingfu/CrabDB/prolly/stores/prolly-store-postgres)
   Compiling prolly-postgres-scale-bench v0.0.0 (/Users/haipingfu/CrabDB/prolly/benchmarks/postgres-scale)
    Finished `release` profile [optimized] target(s) in 35.60s
